{
  "RSpec": {
    "coverage": {
      "/Users/adamromano/Documents/GitHub/bank_tech_test/spec/account_spec.rb": [
        1,
        null,
        1,
        null,
        4,
        4,
        null,
        15,
        15,
        null,
        15,
        15,
        null,
        3,
        13,
        null,
        1,
        14,
        null,
        14,
        14,
        null,
        14,
        null,
        null,
        1,
        1,
        1,
        null,
        null,
        1,
        1,
        1,
        null,
        null,
        1,
        1,
        null,
        null,
        1,
        1,
        null,
        null,
        null,
        1,
        1,
        1,
        null,
        null,
        1,
        1,
        1,
        null,
        null,
        1,
        1,
        1,
        null,
        null,
        1,
        1,
        1,
        null,
        null,
        1,
        1,
        1,
        null,
        null,
        null,
        1,
        1,
        1,
        null,
        null,
        1,
        1,
        1,
        null,
        null,
        null,
        1,
        null,
        1,
        1,
        null,
        null,
        1,
        1,
        null,
        null,
        1,
        1,
        1,
        1,
        null,
        null,
        null
      ],
      "/Users/adamromano/Documents/GitHub/bank_tech_test/lib/account.rb": [
        null,
        null,
        1,
        1,
        null,
        1,
        13,
        13,
        13,
        null,
        null,
        1,
        4,
        4,
        4,
        4,
        null,
        null,
        1,
        1,
        null,
        null,
        1,
        6,
        5,
        null,
        1,
        null,
        null,
        null
      ],
      "/Users/adamromano/Documents/GitHub/bank_tech_test/spec/formatter_spec.rb": [
        1,
        null,
        1,
        1,
        1,
        null,
        1,
        null,
        null,
        1,
        1,
        null,
        1,
        null,
        1,
        null,
        null
      ],
      "/Users/adamromano/Documents/GitHub/bank_tech_test/lib/formatter.rb": [

      ],
      "/Users/adamromano/Documents/GitHub/bank_tech_test/spec/transaction_spec.rb": [
        1,
        null,
        1,
        1,
        null,
        7,
        7,
        7,
        null,
        2,
        7,
        null,
        1,
        1,
        null,
        null,
        1,
        1,
        null,
        null,
        1,
        1,
        null,
        null,
        1,
        1,
        null,
        null,
        1,
        1,
        null,
        null,
        1,
        1,
        null,
        null,
        1,
        1,
        null,
        null,
        null,
        null
      ],
      "/Users/adamromano/Documents/GitHub/bank_tech_test/lib/transaction.rb": [
        null,
        null,
        1,
        1,
        null,
        1,
        6,
        6,
        6,
        null,
        null,
        null
      ]
    },
    "timestamp": 1506950007
  }
}
